id,module,name,file,doc,markers,status,message,duration
functional_correctness_test_folder/post_cut-off/rag/codestral/partial_docstr/test_snippet_37.py::test_case_0,functional_correctness_test_folder.post_cut-off.rag.codestral.partial_docstr.test_snippet_37,test_case_0,functional_correctness_test_folder/post_cut-off/rag/codestral/partial_docstr/test_snippet_37.py,,,failed,"AssertionError: assert 'ğŸ¢ Slow (-833.21 tokens/min)' == 'ğŸŒ Slow'
  
  - ğŸŒ Slow
  + ğŸ¢ Slow (-833.21 tokens/min)",0.000447375001385808
functional_correctness_test_folder/post_cut-off/rag/codestral/partial_docstr/test_snippet_37.py::test_case_1,functional_correctness_test_folder.post_cut-off.rag.codestral.partial_docstr.test_snippet_37,test_case_1,functional_correctness_test_folder/post_cut-off/rag/codestral/partial_docstr/test_snippet_37.py,,,failed,"AssertionError: assert 'ğŸ’¨ (166.00 tokens/min)' == 'ğŸš€'
  
  - ğŸš€
  + ğŸ’¨ (166.00 tokens/min)",0.0010625000577419996
functional_correctness_test_folder/post_cut-off/rag/codestral/partial_docstr/test_snippet_37.py::test_case_2,functional_correctness_test_folder.post_cut-off.rag.codestral.partial_docstr.test_snippet_37,test_case_2,functional_correctness_test_folder/post_cut-off/rag/codestral/partial_docstr/test_snippet_37.py,,xfail,xfailed,,7.462501525878906e-05
functional_correctness_test_folder/post_cut-off/rag/codestral/partial_docstr/test_snippet_37.py::test_case_3,functional_correctness_test_folder.post_cut-off.rag.codestral.partial_docstr.test_snippet_37,test_case_3,functional_correctness_test_folder/post_cut-off/rag/codestral/partial_docstr/test_snippet_37.py,,,failed,"AssertionError: assert 'Very Fast' == 'Slow'
  
  - Slow
  + Very Fast",0.00037654105108231306
