id,module,name,file,doc,markers,status,message,duration
functional_correctness_test_folder/post_cut-off/rag/codestral/no_docstr/test_snippet_37.py::test_case_0,functional_correctness_test_folder.post_cut-off.rag.codestral.no_docstr.test_snippet_37,test_case_0,functional_correctness_test_folder/post_cut-off/rag/codestral/no_docstr/test_snippet_37.py,,,failed,"AssertionError: assert 'ğŸ¢ Slow (-833.21 tokens/min)' == 'ğŸŒ Slow'
  
  - ğŸŒ Slow
  + ğŸ¢ Slow (-833.21 tokens/min)",0.0004878330510109663
functional_correctness_test_folder/post_cut-off/rag/codestral/no_docstr/test_snippet_37.py::test_case_1,functional_correctness_test_folder.post_cut-off.rag.codestral.no_docstr.test_snippet_37,test_case_1,functional_correctness_test_folder/post_cut-off/rag/codestral/no_docstr/test_snippet_37.py,,,failed,"AssertionError: assert 'ğŸš€ (166.00 tokens/min)' == 'ğŸš€'
  
  - ğŸš€
  + ğŸš€ (166.00 tokens/min)",0.0001966250129044056
functional_correctness_test_folder/post_cut-off/rag/codestral/no_docstr/test_snippet_37.py::test_case_2,functional_correctness_test_folder.post_cut-off.rag.codestral.no_docstr.test_snippet_37,test_case_2,functional_correctness_test_folder/post_cut-off/rag/codestral/no_docstr/test_snippet_37.py,,xfail,xfailed,,6.891600787639618e-05
functional_correctness_test_folder/post_cut-off/rag/codestral/no_docstr/test_snippet_37.py::test_case_3,functional_correctness_test_folder.post_cut-off.rag.codestral.no_docstr.test_snippet_37,test_case_3,functional_correctness_test_folder/post_cut-off/rag/codestral/no_docstr/test_snippet_37.py,,,failed,"AssertionError: assert 'Very Fast' == 'Slow'
  
  - Slow
  + Very Fast",0.00014287489466369152
